# JRE version: OpenJDK Runtime Environment (8.0_141-b15) (build 1.8.0_141-8u141-b15-3~14.04-b15)
# Java VM: OpenJDK 64-Bit Server VM (25.141-b15 mixed mode linux-amd64 compressed oops)
Heap:
 PSYoungGen      total 1751552K, used 1403611K [0x0000000718e00000, 0x00000007b8580000, 0x00000007c0000000)
  eden space 1031168K, 84% used [0x0000000718e00000,0x000000074e562608,0x0000000757d00000)
  from space 720384K, 73% used [0x0000000786900000,0x00000007a6c54670,0x00000007b2880000)
  to   space 765952K, 0% used [0x0000000757d00000,0x0000000757d00000,0x0000000786900000)
 ParOldGen       total 1559040K, used 1237671K [0x00000005caa00000, 0x0000000629c80000, 0x0000000718e00000)
  object space 1559040K, 79% used [0x00000005caa00000,0x00000006162a9c50,0x0000000629c80000)
 Metaspace       used 25926K, capacity 26136K, committed 26496K, reserved 1073152K
  class space    used 2798K, capacity 2864K, committed 2944K, reserved 1048576K
GC Heap History (10 events):
Event: 8100.711 GC heap before
{Heap before GC invocations=87 (full 5):
 PSYoungGen      total 1643520K, used 1051311K [0x0000000718e00000, 0x00000007abc00000, 0x00000007c0000000)
  eden space 865792K, 100% used [0x0000000718e00000,0x000000074db80000,0x000000074db80000)
  from space 777728K, 23% used [0x000000074db80000,0x00000007590abd38,0x000000077d300000)
  to   space 736256K, 0% used [0x000000077ed00000,0x000000077ed00000,0x00000007abc00000)
 ParOldGen       total 1559040K, used 1232202K [0x00000005caa00000, 0x0000000629c80000, 0x0000000718e00000)
  object space 1559040K, 79% used [0x00000005caa00000,0x0000000615d528b8,0x0000000629c80000)
 Metaspace       used 25926K, capacity 26136K, committed 26496K, reserved 1073152K
  class space    used 2798K, capacity 2864K, committed 2944K, reserved 1048576K
Event: 8100.911 GC heap after
Heap after GC invocations=87 (full 5):
 PSYoungGen      total 1579008K, used 256281K [0x0000000718e00000, 0x00000007a6400000, 0x00000007c0000000)
  eden space 932864K, 0% used [0x0000000718e00000,0x0000000718e00000,0x0000000751d00000)
  from space 646144K, 39% used [0x000000077ed00000,0x000000078e746758,0x00000007a6400000)
  to   space 691712K, 0% used [0x0000000751d00000,0x0000000751d00000,0x000000077c080000)
 ParOldGen       total 1559040K, used 1232202K [0x00000005caa00000, 0x0000000629c80000, 0x0000000718e00000)
  object space 1559040K, 79% used [0x00000005caa00000,0x0000000615d528b8,0x0000000629c80000)
 Metaspace       used 25926K, capacity 26136K, committed 26496K, reserved 1073152K
  class space    used 2798K, capacity 2864K, committed 2944K, reserved 1048576K
}
Event: 8102.933 GC heap before
{Heap before GC invocations=88 (full 5):
 PSYoungGen      total 1579008K, used 1189145K [0x0000000718e00000, 0x00000007a6400000, 0x00000007c0000000)
  eden space 932864K, 100% used [0x0000000718e00000,0x0000000751d00000,0x0000000751d00000)
  from space 646144K, 39% used [0x000000077ed00000,0x000000078e746758,0x00000007a6400000)
  to   space 691712K, 0% used [0x0000000751d00000,0x0000000751d00000,0x000000077c080000)
 ParOldGen       total 1559040K, used 1232202K [0x00000005caa00000, 0x0000000629c80000, 0x0000000718e00000)
  object space 1559040K, 79% used [0x00000005caa00000,0x0000000615d528b8,0x0000000629c80000)
 Metaspace       used 25926K, capacity 26136K, committed 26496K, reserved 1073152K
  class space    used 2798K, capacity 2864K, committed 2944K, reserved 1048576K
Event: 8103.152 GC heap after
Heap after GC invocations=88 (full 5):
 PSYoungGen      total 1624576K, used 322380K [0x0000000718e00000, 0x00000007a8a80000, 0x00000007c0000000)
  eden space 932864K, 0% used [0x0000000718e00000,0x0000000718e00000,0x0000000751d00000)
  from space 691712K, 46% used [0x0000000751d00000,0x00000007657d3058,0x000000077c080000)
  to   space 675328K, 0% used [0x000000077f700000,0x000000077f700000,0x00000007a8a80000)
 ParOldGen       total 1559040K, used 1232298K [0x00000005caa00000, 0x0000000629c80000, 0x0000000718e00000)
  object space 1559040K, 79% used [0x00000005caa00000,0x0000000615d6a8b8,0x0000000629c80000)
 Metaspace       used 25926K, capacity 26136K, committed 26496K, reserved 1073152K
  class space    used 2798K, capacity 2864K, committed 2944K, reserved 1048576K
}
Event: 8105.175 GC heap before
{Heap before GC invocations=89 (full 5):
 PSYoungGen      total 1624576K, used 1255244K [0x0000000718e00000, 0x00000007a8a80000, 0x00000007c0000000)
  eden space 932864K, 100% used [0x0000000718e00000,0x0000000751d00000,0x0000000751d00000)
  from space 691712K, 46% used [0x0000000751d00000,0x00000007657d3058,0x000000077c080000)
  to   space 675328K, 0% used [0x000000077f700000,0x000000077f700000,0x00000007a8a80000)
 ParOldGen       total 1559040K, used 1232298K [0x00000005caa00000, 0x0000000629c80000, 0x0000000718e00000)
  object space 1559040K, 79% used [0x00000005caa00000,0x0000000615d6a8b8,0x0000000629c80000)
 Metaspace       used 25926K, capacity 26136K, committed 26496K, reserved 1073152K
  class space    used 2798K, capacity 2864K, committed 2944K, reserved 1048576K
Event: 8105.447 GC heap after
Heap after GC invocations=89 (full 5):
 PSYoungGen      total 1669120K, used 398304K [0x0000000718e00000, 0x00000007aa300000, 0x00000007c0000000)
  eden space 993792K, 0% used [0x0000000718e00000,0x0000000718e00000,0x0000000755880000)
  from space 675328K, 58% used [0x000000077f700000,0x0000000797bf8060,0x00000007a8a80000)
  to   space 686592K, 0% used [0x0000000755880000,0x0000000755880000,0x000000077f700000)
 ParOldGen       total 1559040K, used 1234271K [0x00000005caa00000, 0x0000000629c80000, 0x0000000718e00000)
  object space 1559040K, 79% used [0x00000005caa00000,0x0000000615f57f68,0x0000000629c80000)
 Metaspace       used 25926K, capacity 26136K, committed 26496K, reserved 1073152K
  class space    used 2798K, capacity 2864K, committed 2944K, reserved 1048576K
}
Event: 8107.708 GC heap before
{Heap before GC invocations=90 (full 5):
 PSYoungGen      total 1669120K, used 1392096K [0x0000000718e00000, 0x00000007aa300000, 0x00000007c0000000)
  eden space 993792K, 100% used [0x0000000718e00000,0x0000000755880000,0x0000000755880000)
  from space 675328K, 58% used [0x000000077f700000,0x0000000797bf8060,0x00000007a8a80000)
  to   space 686592K, 0% used [0x0000000755880000,0x0000000755880000,0x000000077f700000)
 ParOldGen       total 1559040K, used 1234271K [0x00000005caa00000, 0x0000000629c80000, 0x0000000718e00000)
  object space 1559040K, 79% used [0x00000005caa00000,0x0000000615f57f68,0x0000000629c80000)
 Metaspace       used 25926K, capacity 26136K, committed 26496K, reserved 1073152K
  class space    used 2798K, capacity 2864K, committed 2944K, reserved 1048576K
Event: 8108.063 GC heap after
Heap after GC invocations=90 (full 5):
 PSYoungGen      total 1680384K, used 472554K [0x0000000718e00000, 0x00000007b2880000, 0x00000007c0000000)
  eden space 993792K, 0% used [0x0000000718e00000,0x0000000718e00000,0x0000000755880000)
  from space 686592K, 68% used [0x0000000755880000,0x00000007725fab38,0x000000077f700000)
  to   space 720384K, 0% used [0x0000000786900000,0x0000000786900000,0x00000007b2880000)
 ParOldGen       total 1559040K, used 1235683K [0x00000005caa00000, 0x0000000629c80000, 0x0000000718e00000)
  object space 1559040K, 79% used [0x00000005caa00000,0x00000006160b8f18,0x0000000629c80000)
 Metaspace       used 25926K, capacity 26136K, committed 26496K, reserved 1073152K
  class space    used 2798K, capacity 2864K, committed 2944K, reserved 1048576K
}
Event: 8109.820 GC heap before
{Heap before GC invocations=91 (full 5):
 PSYoungGen      total 1680384K, used 1466346K [0x0000000718e00000, 0x00000007b2880000, 0x00000007c0000000)
  eden space 993792K, 100% used [0x0000000718e00000,0x0000000755880000,0x0000000755880000)
  from space 686592K, 68% used [0x0000000755880000,0x00000007725fab38,0x000000077f700000)
  to   space 720384K, 0% used [0x0000000786900000,0x0000000786900000,0x00000007b2880000)
 ParOldGen       total 1559040K, used 1235683K [0x00000005caa00000, 0x0000000629c80000, 0x0000000718e00000)
  object space 1559040K, 79% used [0x00000005caa00000,0x00000006160b8f18,0x0000000629c80000)
 Metaspace       used 25926K, capacity 26136K, committed 26496K, reserved 1073152K
  class space    used 2798K, capacity 2864K, committed 2944K, reserved 1048576K
Event: 8110.125 GC heap after
Heap after GC invocations=91 (full 5):
 PSYoungGen      total 1751552K, used 527697K [0x0000000718e00000, 0x00000007b8580000, 0x00000007c0000000)
  eden space 1031168K, 0% used [0x0000000718e00000,0x0000000718e00000,0x0000000757d00000)
  from space 720384K, 73% used [0x0000000786900000,0x00000007a6c54670,0x00000007b2880000)
  to   space 765952K, 0% used [0x0000000757d00000,0x0000000757d00000,0x0000000786900000)
 ParOldGen       total 1559040K, used 1237671K [0x00000005caa00000, 0x0000000629c80000, 0x0000000718e00000)
  object space 1559040K, 79% used [0x00000005caa00000,0x00000006162a9c50,0x0000000629c80000)
 Metaspace       used 25926K, capacity 26136K, committed 26496K, reserved 1073152K
  class space    used 2798K, capacity 2864K, committed 2944K, reserved 1048576K
}

